<?xml version="1.0" encoding="UTF-8"?>
<testng-results ignored="0" total="1" passed="1" failed="0" skipped="0">
  <reporter-output>
  </reporter-output>
  <suite started-at="2024-04-12T20:08:53 IST" name="Default suite" finished-at="2024-04-12T20:09:01 IST" duration-ms="7340">
    <groups>
    </groups>
    <test started-at="2024-04-12T20:08:53 IST" name="Default test" finished-at="2024-04-12T20:09:01 IST" duration-ms="7340">
      <class name="tests.AmazonWebsiteTest">
        <test-method is-config="true" signature="setUp()[pri:0, instance:tests.AmazonWebsiteTest@4135c3b]" started-at="2024-04-12T20:08:53 IST" name="setUp" finished-at="2024-04-12T20:08:55 IST" duration-ms="2084" status="PASS">
          <reporter-output>
          </reporter-output>
        </test-method> <!-- setUp -->
        <test-method signature="openWebsite()[pri:0, instance:tests.AmazonWebsiteTest@4135c3b]" started-at="2024-04-12T20:08:55 IST" name="openWebsite" finished-at="2024-04-12T20:09:00 IST" duration-ms="4725" status="PASS">
          <reporter-output>
          </reporter-output>
        </test-method> <!-- openWebsite -->
        <test-method is-config="true" signature="tearDown()[pri:0, instance:tests.AmazonWebsiteTest@4135c3b]" started-at="2024-04-12T20:09:00 IST" name="tearDown" finished-at="2024-04-12T20:09:01 IST" duration-ms="485" status="PASS">
          <reporter-output>
          </reporter-output>
        </test-method> <!-- tearDown -->
      </class> <!-- tests.AmazonWebsiteTest -->
    </test> <!-- Default test -->
  </suite> <!-- Default suite -->
</testng-results>
